<?xml version="1.0" encoding="UTF-8"?>
<!-- Generated by org.testng.reporters.JUnitReportReporter -->
<testsuite hostname="DESKTOP-0EAD1UU" failures="0" tests="3" name="Tests.TC02_LandingTest" time="37.497" errors="0" timestamp="2025-05-02T20:11:17 EEST" skipped="0">
  <testcase classname="Tests.TC02_LandingTest" name="checkingNumberOfSelectedProductsTC" time="13.038"/>
  <testcase classname="Tests.TC02_LandingTest" name="clickOnCartIconTC" time="11.909"/>
  <testcase classname="Tests.TC02_LandingTest" name="addingRandomProductsToCartTC" time="12.550"/>
</testsuite> <!-- Tests.TC02_LandingTest -->
