<?xml version="1.0" encoding="UTF-8"?>
<!-- Generated by org.testng.reporters.JUnitReportReporter -->
<testsuite hostname="DESKTOP-0EAD1UU" failures="0" tests="1" name="Tests.TC01_LoginTest" time="16.856" errors="0" timestamp="2025-04-22T21:23:18 EET" skipped="0">
  <testcase classname="Tests.TC01_LoginTest" name="validLoginTC" time="16.856"/>
</testsuite> <!-- Tests.TC01_LoginTest -->
