<?xml version="1.0" encoding="UTF-8"?>
<!-- Generated by org.testng.reporters.JUnitReportReporter -->
<testsuite hostname="DESKTOP-0EAD1UU" failures="0" tests="1" name="Tests.TC01_LoginTest" time="26.259" errors="0" timestamp="2025-05-02T20:11:17 EEST" skipped="0">
  <testcase classname="Tests.TC01_LoginTest" name="validLoginTC" time="26.259"/>
</testsuite> <!-- Tests.TC01_LoginTest -->
