<?xml version="1.0" encoding="UTF-8"?>
<!-- Generated by org.testng.reporters.JUnitReportReporter -->
<testsuite hostname="DESKTOP-0EAD1UU" failures="0" tests="1" name="Tests.TC06_FinishingOrderTest" time="13.887" errors="0" timestamp="2025-05-02T20:11:17 EEST" skipped="0">
  <testcase classname="Tests.TC06_FinishingOrderTest" name="finishOrderTC" time="13.887"/>
</testsuite> <!-- Tests.TC06_FinishingOrderTest -->
