<?xml version="1.0" encoding="UTF-8"?>
<!-- Generated by org.testng.reporters.JUnitReportReporter -->
<testsuite hostname="DESKTOP-0EAD1UU" failures="0" tests="1" name="Tests.TC03_CartTest" time="12.745" errors="0" timestamp="2025-05-02T20:11:17 EEST" skipped="0">
  <testcase classname="Tests.TC03_CartTest" name="comparingPricesTC" time="12.745"/>
</testsuite> <!-- Tests.TC03_CartTest -->
