<?xml version="1.0" encoding="UTF-8"?>
<!-- Generated by org.testng.reporters.JUnitReportReporter -->
<testsuite hostname="DESKTOP-0EAD1UU" failures="0" tests="1" name="Tests.TC05_OverviewTest" time="14.226" errors="0" timestamp="2025-05-02T20:11:17 EEST" skipped="0">
  <testcase classname="Tests.TC05_OverviewTest" name="checkoutStepOneTC" time="14.226"/>
</testsuite> <!-- Tests.TC05_OverviewTest -->
